<?xml version="1.0" encoding="UTF-8"?>
<!-- Generated by org.testng.reporters.JUnitXMLReporter -->
<testsuite hostname="DESKTOP-LMPHPOA" ignored="0" tests="1" failures="0" timestamp="31 Mar 2018 01:38:21 GMT" time="8.463" errors="0">
  <testcase name="@BeforeClass ConfigBC" time="8.403" classname="BaseClass">
    <failure type="org.openqa.selenium.WebDriverException" message="Target URL url is not well-formed.
Command duration or timeout: 33 milliseconds
Build info: version: &amp;apos;2.53.1&amp;apos;, revision: &amp;apos;a36b8b1cd5757287168e54b817830adce9b0158d&amp;apos;, time: &amp;apos;2016-06-30 19:26:09&amp;apos;
System info: host: &amp;apos;DESKTOP-LMPHPOA&amp;apos;, ip: &amp;apos;192.168.49.1&amp;apos;, os.name: &amp;apos;Windows 10&amp;apos;, os.arch: &amp;apos;amd64&amp;apos;, os.version: &amp;apos;10.0&amp;apos;, java.version: &amp;apos;1.8.0_161&amp;apos;
Driver info: org.openqa.selenium.firefox.FirefoxDriver
Capabilities [{applicationCacheEnabled=true, rotatable=false, handlesAlerts=true, databaseEnabled=true, version=47.0.2, platform=WINDOWS, nativeEvents=false, acceptSslCerts=true, webStorageEnabled=true, locationContextEnabled=true, browserName=firefox, takesScreenshot=true, javascriptEnabled=true, cssSelectorsEnabled=true}]
Session ID: 5b27ed85-7e50-4019-b373-42e6282a67b5">
      <![CDATA[org.openqa.selenium.WebDriverException: Target URL url is not well-formed.
Command duration or timeout: 33 milliseconds
Build info: version: '2.53.1', revision: 'a36b8b1cd5757287168e54b817830adce9b0158d', time: '2016-06-30 19:26:09'
System info: host: 'DESKTOP-LMPHPOA', ip: '192.168.49.1', os.name: 'Windows 10', os.arch: 'amd64', os.version: '10.0', java.version: '1.8.0_161'
Driver info: org.openqa.selenium.firefox.FirefoxDriver
Capabilities [{applicationCacheEnabled=true, rotatable=false, handlesAlerts=true, databaseEnabled=true, version=47.0.2, platform=WINDOWS, nativeEvents=false, acceptSslCerts=true, webStorageEnabled=true, locationContextEnabled=true, browserName=firefox, takesScreenshot=true, javascriptEnabled=true, cssSelectorsEnabled=true}]
Session ID: 5b27ed85-7e50-4019-b373-42e6282a67b5
	at org.openqa.selenium.remote.ErrorHandler.createThrowable(ErrorHandler.java:206)
	at org.openqa.selenium.remote.ErrorHandler.throwIfResponseFailed(ErrorHandler.java:158)
	at org.openqa.selenium.remote.RemoteWebDriver.execute(RemoteWebDriver.java:678)
	at org.openqa.selenium.remote.RemoteWebDriver.get(RemoteWebDriver.java:316)
	at BaseClass.ConfigBC(BaseClass.java:19)
Caused by: org.openqa.selenium.WebDriverException: Target URL url is not well-formed.
Build info: version: '2.53.1', revision: 'a36b8b1cd5757287168e54b817830adce9b0158d', time: '2016-06-30 19:26:09'
System info: host: 'DESKTOP-LMPHPOA', ip: '192.168.49.1', os.name: 'Windows 10', os.arch: 'amd64', os.version: '10.0', java.version: '1.8.0_161'
Driver info: driver.version: unknown
	at <anonymous class>.FirefoxDriver.prototype.get(file:///C:/Users/franis/AppData/Local/Temp/anonymous7999525941825797982webdriver-profile/extensions/fxdriver@googlecode.com/components/driver-component.js:10636)
	at <anonymous class>.DelayedCommand.prototype.executeInternal_/h(file:///C:/Users/franis/AppData/Local/Temp/anonymous7999525941825797982webdriver-profile/extensions/fxdriver@googlecode.com/components/command-processor.js:12661)
	at <anonymous class>.DelayedCommand.prototype.executeInternal_(file:///C:/Users/franis/AppData/Local/Temp/anonymous7999525941825797982webdriver-profile/extensions/fxdriver@googlecode.com/components/command-processor.js:12666)
	at <anonymous class>.DelayedCommand.prototype.execute/<(file:///C:/Users/franis/AppData/Local/Temp/anonymous7999525941825797982webdriver-profile/extensions/fxdriver@googlecode.com/components/command-processor.js:12608)
... Removed 38 stack frames]]>
    </failure>
  </testcase> <!-- @BeforeClass ConfigBC -->
  <testcase name="@BeforeMethod ConfigBM" time="0.0" classname="BaseClass">
    <skipped/>
  </testcase> <!-- @BeforeMethod ConfigBM -->
  <testcase name="@AfterClass ConfigAC" time="0.0" classname="BaseClass">
    <skipped/>
  </testcase> <!-- @AfterClass ConfigAC -->
  <testcase name="cct" time="0.0" classname="CreateTest">
    <skipped/>
  </testcase> <!-- cct -->
</testsuite>
